Warning: You are sending unauthenticated requests to the HF Hub. Please set a HF_TOKEN to enable higher rate limits and faster downloads.

### [fp8] warmup order=[32000, 2000, 16000, 8000] (discard)
  32000: ctx 32104 | TTFT 9.766s | 23.45 tok/s | recall 5/5
  2000: ctx 2440 | TTFT 0.44s | 29.41 tok/s | recall 0/5
  16000: ctx 16264 | TTFT 3.654s | 26.18 tok/s | recall 0/5
  8000: ctx 8392 | TTFT 1.57s | 27.93 tok/s | recall 0/5

### [fp8] p1 order=[8000, 16000, 32000, 2000]
  8000: ctx 8392 | TTFT 1.577s | 27.92 tok/s | recall 0/5
  16000: ctx 16264 | TTFT 3.671s | 26.17 tok/s | recall 0/5
  32000: ctx 32104 | TTFT 9.832s | 23.4 tok/s | recall 5/5
  2000: ctx 2440 | TTFT 0.453s | 29.39 tok/s | recall 0/5

### [fp8] p2 order=[32000, 2000, 16000, 8000]
  32000: ctx 32104 | TTFT 9.873s | 23.4 tok/s | recall 5/5
  2000: ctx 2440 | TTFT 0.451s | 29.38 tok/s | recall 0/5
  16000: ctx 16264 | TTFT 3.701s | 26.16 tok/s | recall 0/5
  8000: ctx 8392 | TTFT 1.59s | 27.91 tok/s | recall 0/5

### [fp8] p3 order=[16000, 2000, 32000, 8000]
  16000: ctx 16264 | TTFT 3.698s | 26.16 tok/s | recall 0/5
  2000: ctx 2440 | TTFT 0.416s | 29.38 tok/s | recall 0/5
  32000: ctx 32104 | TTFT 9.91s | 23.39 tok/s | recall 5/5
  8000: ctx 8392 | TTFT 1.628s | 27.91 tok/s | recall 0/5

=== [fp8] aggregated (3 recorded passes) ===
  2000: TTFT 0.451s | decode 29.38 tok/s | recall 0/5 | n=3/3
  8000: TTFT 1.59s | decode 27.91 tok/s | recall 0/5 | n=3/3
  16000: TTFT 3.698s | decode 26.16 tok/s | recall 0/5 | n=3/3
  32000: TTFT 9.873s | decode 23.4 tok/s | recall 5/5 | n=3/3

wrote /home/results_l4_kvquant.jsonl (this arm) + raw appended to /home/results_l4_kvquant_raw.jsonl.
NOW: save this arm's server startup log (the 'GPU KV cache size' / '# GPU blocks' + 'kv cache dtype' lines) -- that's the capacity half of the result.
